<?xml version="1.0" encoding="UTF-8"?>
<robot generator="Robot 6.1.1 (Python 3.11.5 on win32)" generated="20230911 12:05:06.818" rpa="false" schemaversion="4">
<suite id="s1" name="Testcase3" source="C:\Users\Sowjanya N-3147\Downloads\Robot_Framework\Robot_Framework\framework\TestCycles\Module1\Testscenerio\testcase3.robot">
<test id="s1-t1" name="Gmail Login and Update Personal Information" line="8">
<kw name="Open Terralogic Website" library="Hr_login_po">
<kw name="Open Browser" library="SeleniumLibrary">
<arg>${BaseURL}</arg>
<arg>Chrome</arg>
<doc>Opens a new browser instance to the optional ``url``.</doc>
<msg timestamp="20230911 12:05:07.031" level="INFO">Opening browser 'Chrome' to base url 'https://terralogic.paxanimi.ai/login'.</msg>
<status status="PASS" starttime="20230911 12:05:07.031" endtime="20230911 12:05:12.650"/>
</kw>
<kw name="Set Selenium Implicit Wait" library="SeleniumLibrary">
<arg>10s</arg>
<doc>Sets the implicit wait value used by Selenium.</doc>
<status status="PASS" starttime="20230911 12:05:12.650" endtime="20230911 12:05:12.652"/>
</kw>
<kw name="Maximize Browser Window" library="SeleniumLibrary">
<doc>Maximizes current browser window.</doc>
<status status="PASS" starttime="20230911 12:05:12.652" endtime="20230911 12:05:12.771"/>
</kw>
<status status="PASS" starttime="20230911 12:05:07.029" endtime="20230911 12:05:12.771"/>
</kw>
<kw name="Click on terralogic_login" library="Hr_login_keywords">
<kw name="Click Element" library="SeleniumLibrary">
<arg>${terralogic_login}</arg>
<doc>Click the element identified by ``locator``.</doc>
<msg timestamp="20230911 12:05:12.774" level="INFO">Clicking element 'xpath://button[@class='ant-btn ant-btn-round ant-btn-default ant-btn-lg MyButton__outline']'.</msg>
<status status="PASS" starttime="20230911 12:05:12.773" endtime="20230911 12:05:12.843"/>
</kw>
<kw name="Sleep" library="BuiltIn">
<arg>10s</arg>
<doc>Pauses the test executed for the given time.</doc>
<msg timestamp="20230911 12:05:22.844" level="INFO">Slept 10 seconds</msg>
<status status="PASS" starttime="20230911 12:05:12.843" endtime="20230911 12:05:22.844"/>
</kw>
<status status="PASS" starttime="20230911 12:05:12.772" endtime="20230911 12:05:22.844"/>
</kw>
<kw name="Switch to window" library="Hr_login_keywords">
<kw name="Get Window Handles" library="SeleniumLibrary">
<var>${handles}</var>
<doc>Returns all child window handles of the selected browser as a list.</doc>
<msg timestamp="20230911 12:05:22.884" level="INFO">${handles} = ['99FB153DDB6C05EB994020862BD85763', '1E584D23B45A870F8559C141CF6F40CC']</msg>
<status status="PASS" starttime="20230911 12:05:22.848" endtime="20230911 12:05:22.884"/>
</kw>
<kw name="Switch Window" library="SeleniumLibrary">
<arg>${handles}[1]</arg>
<doc>Switches to browser window matching ``locator``.</doc>
<status status="PASS" starttime="20230911 12:05:22.885" endtime="20230911 12:05:22.966"/>
</kw>
<status status="PASS" starttime="20230911 12:05:22.846" endtime="20230911 12:05:22.967"/>
</kw>
<kw name="Login to Gmail" library="Hr_login_keywords">
<arg>${Username}</arg>
<arg>${Password}</arg>
<arg>${Hros_user_xpath}</arg>
<arg>${Hros_pass_xpath}</arg>
<kw name="Input Text" library="SeleniumLibrary">
<arg>${user_xpath}</arg>
<arg>${username}</arg>
<doc>Types the given ``text`` into the text field identified by ``locator``.</doc>
<msg timestamp="20230911 12:05:22.968" level="INFO">Typing text 'sowjanya.n@terralogic.com' into text field 'xpath://input[@id='identifierId']'.</msg>
<status status="PASS" starttime="20230911 12:05:22.968" endtime="20230911 12:05:23.141"/>
</kw>
<kw name="Sleep" library="BuiltIn">
<arg>5s</arg>
<doc>Pauses the test executed for the given time.</doc>
<msg timestamp="20230911 12:05:28.142" level="INFO">Slept 5 seconds</msg>
<status status="PASS" starttime="20230911 12:05:23.141" endtime="20230911 12:05:28.142"/>
</kw>
<kw name="Click Button" library="SeleniumLibrary">
<arg>${Next}</arg>
<doc>Clicks the button identified by ``locator``.</doc>
<msg timestamp="20230911 12:05:28.143" level="INFO">Clicking button 'xpath://span[text()='Next']//parent::button'.</msg>
<status status="PASS" starttime="20230911 12:05:28.142" endtime="20230911 12:05:28.326"/>
</kw>
<kw name="Sleep" library="BuiltIn">
<arg>30s</arg>
<doc>Pauses the test executed for the given time.</doc>
<msg timestamp="20230911 12:05:58.327" level="INFO">Slept 30 seconds</msg>
<status status="PASS" starttime="20230911 12:05:28.326" endtime="20230911 12:05:58.328"/>
</kw>
<kw name="Input Text" library="SeleniumLibrary">
<arg>${pass_xpath}</arg>
<arg>${password}</arg>
<doc>Types the given ``text`` into the text field identified by ``locator``.</doc>
<msg timestamp="20230911 12:05:58.329" level="INFO">Typing text 'sowji1999@26' into text field 'xpath://input[@name='Passwd']'.</msg>
<status status="PASS" starttime="20230911 12:05:58.328" endtime="20230911 12:05:58.483"/>
</kw>
<kw name="Sleep" library="BuiltIn">
<arg>5s</arg>
<doc>Pauses the test executed for the given time.</doc>
<msg timestamp="20230911 12:06:03.484" level="INFO">Slept 5 seconds</msg>
<status status="PASS" starttime="20230911 12:05:58.483" endtime="20230911 12:06:03.484"/>
</kw>
<kw name="Click Button" library="SeleniumLibrary">
<arg>${Next}</arg>
<doc>Clicks the button identified by ``locator``.</doc>
<msg timestamp="20230911 12:06:03.485" level="INFO">Clicking button 'xpath://span[text()='Next']//parent::button'.</msg>
<status status="PASS" starttime="20230911 12:06:03.484" endtime="20230911 12:06:03.601"/>
</kw>
<kw name="Sleep" library="BuiltIn">
<arg>30s</arg>
<doc>Pauses the test executed for the given time.</doc>
<msg timestamp="20230911 12:06:33.601" level="INFO">Slept 30 seconds</msg>
<status status="PASS" starttime="20230911 12:06:03.601" endtime="20230911 12:06:33.601"/>
</kw>
<status status="PASS" starttime="20230911 12:05:22.967" endtime="20230911 12:06:33.601"/>
</kw>
<kw name="Log To Console" library="BuiltIn">
<arg>Hr_OS Login Successful verified !!!!!</arg>
<doc>Logs the given message to the console.</doc>
<status status="PASS" starttime="20230911 12:06:33.602" endtime="20230911 12:06:33.602"/>
</kw>
<kw name="Sleep" library="BuiltIn">
<arg>40s</arg>
<doc>Pauses the test executed for the given time.</doc>
<msg timestamp="20230911 12:07:13.603" level="INFO">Slept 40 seconds</msg>
<status status="PASS" starttime="20230911 12:06:33.603" endtime="20230911 12:07:13.603"/>
</kw>
<kw name="Logout from Hr-OS" library="Hr_login_po">
<kw name="Click Element" library="SeleniumLibrary">
<arg>xpath://span[@class='ant-avatar ant-avatar-circle ant-avatar-image MyAvatar'][1]</arg>
<doc>Click the element identified by ``locator``.</doc>
<msg timestamp="20230911 12:07:13.606" level="INFO">Clicking element 'xpath://span[@class='ant-avatar ant-avatar-circle ant-avatar-image MyAvatar'][1]'.</msg>
<msg timestamp="20230911 12:07:13.611" level="WARN">Keyword 'Capture Page Screenshot' could not be run on failure: Message: no such window: target window already closed
from unknown error: web view not found
  (Session info: chrome=116.0.5845.180)
Stacktrace:
	GetHandleVerifier [0x00007FF7786252A2+57122]
	(No symbol) [0x00007FF77859EA92]
	(No symbol) [0x00007FF77846E3AB]
	(No symbol) [0x00007FF77844E1B9]
	(No symbol) [0x00007FF7784CB417]
	(No symbol) [0x00007FF7784DE24F]
	(No symbol) [0x00007FF7784C6DB3]
	(No symbol) [0x00007FF77849D2B1]
	(No symbol) [0x00007FF77849E494]
	GetHandleVerifier [0x00007FF7788CEF82+2849794]
	GetHandleVerifier [0x00007FF778921D24+3189156]
	GetHandleVerifier [0x00007FF77891ACAF+3160367]
	GetHandleVerifier [0x00007FF7786B6D06+653702]
	(No symbol) [0x00007FF7785AA208]
	(No symbol) [0x00007FF7785A62C4]
	(No symbol) [0x00007FF7785A63F6]
	(No symbol) [0x00007FF7785967A3]
	BaseThreadInitThunk [0x00007FF8B87E26AD+29]
	RtlUserThreadStart [0x00007FF8B95CAA68+40]
</msg>
<msg timestamp="20230911 12:07:13.613" level="FAIL">NoSuchWindowException: Message: no such window: target window already closed
from unknown error: web view not found
  (Session info: chrome=116.0.5845.180)
Stacktrace:
	GetHandleVerifier [0x00007FF7786252A2+57122]
	(No symbol) [0x00007FF77859EA92]
	(No symbol) [0x00007FF77846E3AB]
	(No symbol) [0x00007FF77844E1B9]
	(No symbol) [0x00007FF7784CB417]
	(No symbol) [0x00007FF7784DE24F]
	(No symbol) [0x00007FF7784C6DB3]
	(No symbol) [0x00007FF77849D2B1]
	(No symbol) [0x00007FF77849E494]
	GetHandleVerifier [0x00007FF7788CEF82+2849794]
	GetHandleVerifier [0x00007FF778921D24+3189156]
	GetHandleVerifier [0x00007FF77891ACAF+3160367]
	GetHandleVerifier [0x00007FF7786B6D06+653702]
	(No symbol) [0x00007FF7785AA208]
	(No symbol) [0x00007FF7785A62C4]
	(No symbol) [0x00007FF7785A63F6]
	(No symbol) [0x00007FF7785967A3]
	BaseThreadInitThunk [0x00007FF8B87E26AD+29]
	RtlUserThreadStart [0x00007FF8B95CAA68+40]
</msg>
<status status="FAIL" starttime="20230911 12:07:13.605" endtime="20230911 12:07:13.667"/>
</kw>
<kw name="Sleep" library="BuiltIn">
<arg>2s</arg>
<doc>Pauses the test executed for the given time.</doc>
<status status="NOT RUN" starttime="20230911 12:07:13.667" endtime="20230911 12:07:13.667"/>
</kw>
<kw name="Click Element" library="SeleniumLibrary">
<arg>xpath://span[.='Logout']</arg>
<doc>Click the element identified by ``locator``.</doc>
<status status="NOT RUN" starttime="20230911 12:07:13.667" endtime="20230911 12:07:13.667"/>
</kw>
<kw name="Sleep" library="BuiltIn">
<arg>4s</arg>
<doc>Pauses the test executed for the given time.</doc>
<status status="NOT RUN" starttime="20230911 12:07:13.667" endtime="20230911 12:07:13.667"/>
</kw>
<status status="FAIL" starttime="20230911 12:07:13.604" endtime="20230911 12:07:13.667"/>
</kw>
<kw name="Log To Console" library="BuiltIn">
<arg>Hr-OS Logout Successful verified !!!!!!!</arg>
<doc>Logs the given message to the console.</doc>
<status status="NOT RUN" starttime="20230911 12:07:13.668" endtime="20230911 12:07:13.668"/>
</kw>
<status status="FAIL" starttime="20230911 12:05:07.029" endtime="20230911 12:07:13.668">NoSuchWindowException: Message: no such window: target window already closed
from unknown error: web view not found
  (Session info: chrome=116.0.5845.180)
Stacktrace:
	GetHandleVerifier [0x00007FF7786252A2+57122]
	(No symbol) [0x00007FF77859EA92]
	(No symbol) [0x00007FF77846E3AB]
	(No symbol) [0x00007FF77844E1B9]
	(No symbol) [0x00007FF7784CB417]
	(No symbol) [0x00007FF7784DE24F]
	(No symbol) [0x00007FF7784C6DB3]
	(No symbol) [0x00007FF77849D2B1]
	(No symbol) [0x00007FF77849E494]
	GetHandleVerifier [0x00007FF7788CEF82+2849794]
	GetHandleVerifier [0x00007FF778921D24+3189156]
	GetHandleVerifier [0x00007FF77891ACAF+3160367]
	GetHandleVerifier [0x00007FF7786B6D06+653702]
	(No symbol) [0x00007FF7785AA208]
	(No symbol) [0x00007FF7785A62C4]
	(No symbol) [0x00007FF7785A63F6]
	(No symbol) [0x00007FF7785967A3]
	BaseThreadInitThunk [0x00007FF8B87E26AD+29]
	RtlUserThreadStart [0x00007FF8B95CAA68+40]
</status>
</test>
<status status="FAIL" starttime="20230911 12:05:06.821" endtime="20230911 12:07:13.671"/>
</suite>
<statistics>
<total>
<stat pass="0" fail="1" skip="0">All Tests</stat>
</total>
<tag>
</tag>
<suite>
<stat pass="0" fail="1" skip="0" id="s1" name="Testcase3">Testcase3</stat>
</suite>
</statistics>
<errors>
<msg timestamp="20230911 12:07:13.611" level="WARN">Keyword 'Capture Page Screenshot' could not be run on failure: Message: no such window: target window already closed
from unknown error: web view not found
  (Session info: chrome=116.0.5845.180)
Stacktrace:
	GetHandleVerifier [0x00007FF7786252A2+57122]
	(No symbol) [0x00007FF77859EA92]
	(No symbol) [0x00007FF77846E3AB]
	(No symbol) [0x00007FF77844E1B9]
	(No symbol) [0x00007FF7784CB417]
	(No symbol) [0x00007FF7784DE24F]
	(No symbol) [0x00007FF7784C6DB3]
	(No symbol) [0x00007FF77849D2B1]
	(No symbol) [0x00007FF77849E494]
	GetHandleVerifier [0x00007FF7788CEF82+2849794]
	GetHandleVerifier [0x00007FF778921D24+3189156]
	GetHandleVerifier [0x00007FF77891ACAF+3160367]
	GetHandleVerifier [0x00007FF7786B6D06+653702]
	(No symbol) [0x00007FF7785AA208]
	(No symbol) [0x00007FF7785A62C4]
	(No symbol) [0x00007FF7785A63F6]
	(No symbol) [0x00007FF7785967A3]
	BaseThreadInitThunk [0x00007FF8B87E26AD+29]
	RtlUserThreadStart [0x00007FF8B95CAA68+40]
</msg>
</errors>
</robot>
